<?xml version="1.0" encoding="UTF-8"?>
<testsuite xmlns:xsi="http://www.w3.org/2001/XMLSchema-instance" xsi:noNamespaceSchemaLocation="https://maven.apache.org/surefire/maven-surefire-plugin/xsd/surefire-test-report.xsd" name="com.example.HelloCommandTest" time="1.59" tests="1" errors="0" skipped="0" failures="1">
  <properties>
[...]
</properties>
  <testcase name="testWithCommandLineOption" classname="com.example.HelloCommandTest" time="1.575">
    <failure message="expected: &lt;true&gt; but was: &lt;false&gt;" type="org.opentest4j.AssertionFailedError"><![CDATA[org.opentest4j.AssertionFailedError: expected: <true> but was: <false>
	at com.example.HelloCommandTest.testWithCommandLineOption(HelloCommandTest.java:25)
]]></failure>
    <system-err><![CDATA[Unknown option: '-v'
Possible solutions: --version
]]></system-err>
  </testcase>
</testsuite>